nohup: ignoring input
<class 'numpy.ndarray'>
/home/stavisa/.local/lib/python3.10/site-packages/torch/autograd/graph.py:825: UserWarning: CUDA initialization: The NVIDIA driver on your system is too old (found version 11040). Please update your GPU driver by downloading and installing a new version from the URL: http://www.nvidia.com/Download/index.aspx Alternatively, go to: https://pytorch.org to install a PyTorch version that has been compiled with your version of the CUDA driver. (Triggered internally at ../c10/cuda/CUDAFunctions.cpp:108.)
  return Variable._execution_engine.run_backward(  # Calls into the C++ engine to run the backward pass
Done w2v-kmer 1
<class 'numpy.ndarray'>
Done w2v-kmer 2
<class 'numpy.ndarray'>
Done w2v-kmer 3
<class 'numpy.ndarray'>
Done w2v-kmer 4
<class 'numpy.ndarray'>
Done w2v-kmer 5
<class 'numpy.ndarray'>
Done w2v-kmer 6
<class 'numpy.ndarray'>
Done w2v-kmer 7
<class 'numpy.ndarray'>
Done w2v-kmer 8
<class 'numpy.ndarray'>
Done w2v-kmer 9
<class 'numpy.ndarray'>
Done w2v-kmer 10
<class 'numpy.ndarray'>
Done w2v-kmer 11
<class 'numpy.ndarray'>
Done w2v-kmer 12
<class 'numpy.ndarray'>
Done w2v-kmer 13
<class 'numpy.ndarray'>
Done w2v-kmer 14
<class 'numpy.ndarray'>
Done w2v-kmer 15
<class 'numpy.ndarray'>
Done w2v-kmer 16
<class 'numpy.ndarray'>
Done w2v-kmer 17
<class 'numpy.ndarray'>
Done w2v-kmer 18
<class 'numpy.ndarray'>
Done w2v-kmer 19
<class 'numpy.ndarray'>
Done w2v-kmer 20
<class 'numpy.ndarray'>
Done w2v-kmer 21
<class 'numpy.ndarray'>
Done w2v-kmer 22
<class 'numpy.ndarray'>
Done w2v-kmer 23
<class 'numpy.ndarray'>
Done w2v-kmer 24
<class 'numpy.ndarray'>
Done w2v-kmer 25
<class 'numpy.ndarray'>
Done w2v-kmer 26
<class 'numpy.ndarray'>
Done w2v-kmer 27
<class 'numpy.ndarray'>
Done w2v-kmer 28
<class 'numpy.ndarray'>
Done w2v-kmer 29
<class 'numpy.ndarray'>
Done w2v-kmer 30
<class 'numpy.ndarray'>
Done w2v-kmer 31
<class 'numpy.ndarray'>
Done w2v-kmer 32
<class 'numpy.ndarray'>
Done w2v-kmer 33
<class 'numpy.ndarray'>
Done w2v-kmer 34
<class 'numpy.ndarray'>
Done w2v-kmer 35
<class 'numpy.ndarray'>
Done w2v-kmer 36
<class 'numpy.ndarray'>
Done w2v-kmer 37
<class 'numpy.ndarray'>
Done w2v-kmer 38
<class 'numpy.ndarray'>
Done w2v-kmer 39
<class 'numpy.ndarray'>
Done w2v-kmer 40
<class 'numpy.ndarray'>
Done w2v-kmer 41
<class 'numpy.ndarray'>
Done w2v-kmer 42
<class 'numpy.ndarray'>
Done w2v-kmer 43
<class 'numpy.ndarray'>
Done w2v-kmer 44
<class 'numpy.ndarray'>
Done w2v-kmer 45
<class 'numpy.ndarray'>
Done w2v-kmer 46
<class 'numpy.ndarray'>
Done w2v-kmer 47
<class 'numpy.ndarray'>
Done w2v-kmer 48
<class 'numpy.ndarray'>
Done w2v-bpe 1
<class 'numpy.ndarray'>
Done w2v-bpe 2
<class 'numpy.ndarray'>
Done w2v-bpe 3
<class 'numpy.ndarray'>
Done w2v-bpe 4
<class 'numpy.ndarray'>
Done w2v-bpe 5
<class 'numpy.ndarray'>
Done w2v-bpe 6
<class 'numpy.ndarray'>
Done w2v-bpe 7
<class 'numpy.ndarray'>
Done w2v-bpe 8
<class 'numpy.ndarray'>
Done w2v-bpe 9
<class 'numpy.ndarray'>
Done w2v-bpe 10
<class 'numpy.ndarray'>
Done w2v-bpe 11
<class 'numpy.ndarray'>
Done w2v-bpe 12
<class 'numpy.ndarray'>
Done w2v-bpe 13
<class 'numpy.ndarray'>
Done w2v-bpe 14
<class 'numpy.ndarray'>
Done w2v-bpe 15
<class 'numpy.ndarray'>
Done w2v-bpe 16
<class 'numpy.ndarray'>
Done w2v-bpe 17
<class 'numpy.ndarray'>
Done w2v-bpe 18
<class 'numpy.ndarray'>
Done w2v-bpe 19
<class 'numpy.ndarray'>
Done w2v-bpe 20
<class 'numpy.ndarray'>
Done w2v-bpe 21
<class 'numpy.ndarray'>
Done w2v-bpe 22
<class 'numpy.ndarray'>
Done w2v-bpe 23
<class 'numpy.ndarray'>
Done w2v-bpe 24
<class 'numpy.ndarray'>
Done w2v-bpe 25
<class 'numpy.ndarray'>
Done w2v-bpe 26
<class 'numpy.ndarray'>
Done w2v-bpe 27
<class 'numpy.ndarray'>
Done w2v-bpe 28
<class 'numpy.ndarray'>
Done w2v-bpe 29
<class 'numpy.ndarray'>
Done w2v-bpe 30
<class 'numpy.ndarray'>
Done w2v-bpe 31
<class 'numpy.ndarray'>
Done w2v-bpe 32
<class 'numpy.ndarray'>
Done w2v-bpe 33
<class 'numpy.ndarray'>
Done w2v-bpe 34
<class 'numpy.ndarray'>
Done w2v-bpe 35
<class 'numpy.ndarray'>
Done w2v-bpe 36
<class 'numpy.ndarray'>
Done w2v-bpe 37
<class 'numpy.ndarray'>
Done w2v-bpe 38
<class 'numpy.ndarray'>
Done w2v-bpe 39
<class 'numpy.ndarray'>
Done w2v-bpe 40
<class 'numpy.ndarray'>
Done w2v-bpe 41
<class 'numpy.ndarray'>
Done w2v-bpe 42
<class 'numpy.ndarray'>
Done w2v-bpe 43
<class 'numpy.ndarray'>
Done w2v-bpe 44
<class 'numpy.ndarray'>
Done w2v-bpe 45
<class 'numpy.ndarray'>
Done w2v-bpe 46
<class 'numpy.ndarray'>
Done w2v-bpe 47
<class 'numpy.ndarray'>
Done w2v-bpe 48
