nohup: ignoring input
/home/stavisa/.cache/huggingface/modules/transformers_modules/zhihan1996/DNABERT-2-117M/d064dece8a8b41d9fb8729fbe3435278786931f1/bert_layers.py:126: UserWarning: Unable to import Triton; defaulting MosaicBERT attention implementation to pytorch (this will reduce throughput when using this model).
  warnings.warn(
Some weights of BertModel were not initialized from the model checkpoint at zhihan1996/DNABERT-2-117M and are newly initialized: ['bert.pooler.dense.bias', 'bert.pooler.dense.weight']
You should probably TRAIN this model on a down-stream task to be able to use it for predictions and inference.
/home/stavisa/.local/lib/python3.10/site-packages/torch/autograd/graph.py:825: UserWarning: CUDA initialization: The NVIDIA driver on your system is too old (found version 11040). Please update your GPU driver by downloading and installing a new version from the URL: http://www.nvidia.com/Download/index.aspx Alternatively, go to: https://pytorch.org to install a PyTorch version that has been compiled with your version of the CUDA driver. (Triggered internally at ../c10/cuda/CUDAFunctions.cpp:108.)
  return Variable._execution_engine.run_backward(  # Calls into the C++ engine to run the backward pass
Done dnabert2 1
/home/stavisa/.cache/huggingface/modules/transformers_modules/zhihan1996/DNABERT-2-117M/d064dece8a8b41d9fb8729fbe3435278786931f1/bert_layers.py:126: UserWarning: Unable to import Triton; defaulting MosaicBERT attention implementation to pytorch (this will reduce throughput when using this model).
  warnings.warn(
Some weights of BertModel were not initialized from the model checkpoint at zhihan1996/DNABERT-2-117M and are newly initialized: ['bert.pooler.dense.bias', 'bert.pooler.dense.weight']
You should probably TRAIN this model on a down-stream task to be able to use it for predictions and inference.
Done dnabert2 2
/home/stavisa/.cache/huggingface/modules/transformers_modules/zhihan1996/DNABERT-2-117M/d064dece8a8b41d9fb8729fbe3435278786931f1/bert_layers.py:126: UserWarning: Unable to import Triton; defaulting MosaicBERT attention implementation to pytorch (this will reduce throughput when using this model).
  warnings.warn(
Some weights of BertModel were not initialized from the model checkpoint at zhihan1996/DNABERT-2-117M and are newly initialized: ['bert.pooler.dense.bias', 'bert.pooler.dense.weight']
You should probably TRAIN this model on a down-stream task to be able to use it for predictions and inference.
Done dnabert2 3
/home/stavisa/.cache/huggingface/modules/transformers_modules/zhihan1996/DNABERT-2-117M/d064dece8a8b41d9fb8729fbe3435278786931f1/bert_layers.py:126: UserWarning: Unable to import Triton; defaulting MosaicBERT attention implementation to pytorch (this will reduce throughput when using this model).
  warnings.warn(
Some weights of BertModel were not initialized from the model checkpoint at zhihan1996/DNABERT-2-117M and are newly initialized: ['bert.pooler.dense.bias', 'bert.pooler.dense.weight']
You should probably TRAIN this model on a down-stream task to be able to use it for predictions and inference.
Done dnabert2 4
/home/stavisa/.cache/huggingface/modules/transformers_modules/zhihan1996/DNABERT-2-117M/d064dece8a8b41d9fb8729fbe3435278786931f1/bert_layers.py:126: UserWarning: Unable to import Triton; defaulting MosaicBERT attention implementation to pytorch (this will reduce throughput when using this model).
  warnings.warn(
Some weights of BertModel were not initialized from the model checkpoint at zhihan1996/DNABERT-2-117M and are newly initialized: ['bert.pooler.dense.bias', 'bert.pooler.dense.weight']
You should probably TRAIN this model on a down-stream task to be able to use it for predictions and inference.
Done dnabert2 5
/home/stavisa/.cache/huggingface/modules/transformers_modules/zhihan1996/DNABERT-2-117M/d064dece8a8b41d9fb8729fbe3435278786931f1/bert_layers.py:126: UserWarning: Unable to import Triton; defaulting MosaicBERT attention implementation to pytorch (this will reduce throughput when using this model).
  warnings.warn(
Some weights of BertModel were not initialized from the model checkpoint at zhihan1996/DNABERT-2-117M and are newly initialized: ['bert.pooler.dense.bias', 'bert.pooler.dense.weight']
You should probably TRAIN this model on a down-stream task to be able to use it for predictions and inference.
Done dnabert2 6
/home/stavisa/.cache/huggingface/modules/transformers_modules/zhihan1996/DNABERT-2-117M/d064dece8a8b41d9fb8729fbe3435278786931f1/bert_layers.py:126: UserWarning: Unable to import Triton; defaulting MosaicBERT attention implementation to pytorch (this will reduce throughput when using this model).
  warnings.warn(
Some weights of BertModel were not initialized from the model checkpoint at zhihan1996/DNABERT-2-117M and are newly initialized: ['bert.pooler.dense.bias', 'bert.pooler.dense.weight']
You should probably TRAIN this model on a down-stream task to be able to use it for predictions and inference.
Done dnabert2 7
/home/stavisa/.cache/huggingface/modules/transformers_modules/zhihan1996/DNABERT-2-117M/d064dece8a8b41d9fb8729fbe3435278786931f1/bert_layers.py:126: UserWarning: Unable to import Triton; defaulting MosaicBERT attention implementation to pytorch (this will reduce throughput when using this model).
  warnings.warn(
Some weights of BertModel were not initialized from the model checkpoint at zhihan1996/DNABERT-2-117M and are newly initialized: ['bert.pooler.dense.bias', 'bert.pooler.dense.weight']
You should probably TRAIN this model on a down-stream task to be able to use it for predictions and inference.
Done dnabert2 8
/home/stavisa/.cache/huggingface/modules/transformers_modules/zhihan1996/DNABERT-2-117M/d064dece8a8b41d9fb8729fbe3435278786931f1/bert_layers.py:126: UserWarning: Unable to import Triton; defaulting MosaicBERT attention implementation to pytorch (this will reduce throughput when using this model).
  warnings.warn(
Some weights of BertModel were not initialized from the model checkpoint at zhihan1996/DNABERT-2-117M and are newly initialized: ['bert.pooler.dense.bias', 'bert.pooler.dense.weight']
You should probably TRAIN this model on a down-stream task to be able to use it for predictions and inference.
Done dnabert2 9
/home/stavisa/.cache/huggingface/modules/transformers_modules/zhihan1996/DNABERT-2-117M/d064dece8a8b41d9fb8729fbe3435278786931f1/bert_layers.py:126: UserWarning: Unable to import Triton; defaulting MosaicBERT attention implementation to pytorch (this will reduce throughput when using this model).
  warnings.warn(
Some weights of BertModel were not initialized from the model checkpoint at zhihan1996/DNABERT-2-117M and are newly initialized: ['bert.pooler.dense.bias', 'bert.pooler.dense.weight']
You should probably TRAIN this model on a down-stream task to be able to use it for predictions and inference.
Done dnabert2 10
/home/stavisa/.cache/huggingface/modules/transformers_modules/zhihan1996/DNABERT-2-117M/d064dece8a8b41d9fb8729fbe3435278786931f1/bert_layers.py:126: UserWarning: Unable to import Triton; defaulting MosaicBERT attention implementation to pytorch (this will reduce throughput when using this model).
  warnings.warn(
Some weights of BertModel were not initialized from the model checkpoint at zhihan1996/DNABERT-2-117M and are newly initialized: ['bert.pooler.dense.bias', 'bert.pooler.dense.weight']
You should probably TRAIN this model on a down-stream task to be able to use it for predictions and inference.
Done dnabert2 11
/home/stavisa/.cache/huggingface/modules/transformers_modules/zhihan1996/DNABERT-2-117M/d064dece8a8b41d9fb8729fbe3435278786931f1/bert_layers.py:126: UserWarning: Unable to import Triton; defaulting MosaicBERT attention implementation to pytorch (this will reduce throughput when using this model).
  warnings.warn(
Some weights of BertModel were not initialized from the model checkpoint at zhihan1996/DNABERT-2-117M and are newly initialized: ['bert.pooler.dense.bias', 'bert.pooler.dense.weight']
You should probably TRAIN this model on a down-stream task to be able to use it for predictions and inference.
Done dnabert2 12
/home/stavisa/.cache/huggingface/modules/transformers_modules/zhihan1996/DNABERT-2-117M/d064dece8a8b41d9fb8729fbe3435278786931f1/bert_layers.py:126: UserWarning: Unable to import Triton; defaulting MosaicBERT attention implementation to pytorch (this will reduce throughput when using this model).
  warnings.warn(
Some weights of BertModel were not initialized from the model checkpoint at zhihan1996/DNABERT-2-117M and are newly initialized: ['bert.pooler.dense.bias', 'bert.pooler.dense.weight']
You should probably TRAIN this model on a down-stream task to be able to use it for predictions and inference.
Done dnabert2 13
/home/stavisa/.cache/huggingface/modules/transformers_modules/zhihan1996/DNABERT-2-117M/d064dece8a8b41d9fb8729fbe3435278786931f1/bert_layers.py:126: UserWarning: Unable to import Triton; defaulting MosaicBERT attention implementation to pytorch (this will reduce throughput when using this model).
  warnings.warn(
Some weights of BertModel were not initialized from the model checkpoint at zhihan1996/DNABERT-2-117M and are newly initialized: ['bert.pooler.dense.bias', 'bert.pooler.dense.weight']
You should probably TRAIN this model on a down-stream task to be able to use it for predictions and inference.
Done dnabert2 14
/home/stavisa/.cache/huggingface/modules/transformers_modules/zhihan1996/DNABERT-2-117M/d064dece8a8b41d9fb8729fbe3435278786931f1/bert_layers.py:126: UserWarning: Unable to import Triton; defaulting MosaicBERT attention implementation to pytorch (this will reduce throughput when using this model).
  warnings.warn(
Some weights of BertModel were not initialized from the model checkpoint at zhihan1996/DNABERT-2-117M and are newly initialized: ['bert.pooler.dense.bias', 'bert.pooler.dense.weight']
You should probably TRAIN this model on a down-stream task to be able to use it for predictions and inference.
Done dnabert2 15
/home/stavisa/.cache/huggingface/modules/transformers_modules/zhihan1996/DNABERT-2-117M/d064dece8a8b41d9fb8729fbe3435278786931f1/bert_layers.py:126: UserWarning: Unable to import Triton; defaulting MosaicBERT attention implementation to pytorch (this will reduce throughput when using this model).
  warnings.warn(
Some weights of BertModel were not initialized from the model checkpoint at zhihan1996/DNABERT-2-117M and are newly initialized: ['bert.pooler.dense.bias', 'bert.pooler.dense.weight']
You should probably TRAIN this model on a down-stream task to be able to use it for predictions and inference.
Done dnabert2 16
/home/stavisa/.cache/huggingface/modules/transformers_modules/zhihan1996/DNABERT-2-117M/d064dece8a8b41d9fb8729fbe3435278786931f1/bert_layers.py:126: UserWarning: Unable to import Triton; defaulting MosaicBERT attention implementation to pytorch (this will reduce throughput when using this model).
  warnings.warn(
Some weights of BertModel were not initialized from the model checkpoint at zhihan1996/DNABERT-2-117M and are newly initialized: ['bert.pooler.dense.bias', 'bert.pooler.dense.weight']
You should probably TRAIN this model on a down-stream task to be able to use it for predictions and inference.
Done dnabert2 17
/home/stavisa/.cache/huggingface/modules/transformers_modules/zhihan1996/DNABERT-2-117M/d064dece8a8b41d9fb8729fbe3435278786931f1/bert_layers.py:126: UserWarning: Unable to import Triton; defaulting MosaicBERT attention implementation to pytorch (this will reduce throughput when using this model).
  warnings.warn(
Some weights of BertModel were not initialized from the model checkpoint at zhihan1996/DNABERT-2-117M and are newly initialized: ['bert.pooler.dense.bias', 'bert.pooler.dense.weight']
You should probably TRAIN this model on a down-stream task to be able to use it for predictions and inference.
Done dnabert2 18
/home/stavisa/.cache/huggingface/modules/transformers_modules/zhihan1996/DNABERT-2-117M/d064dece8a8b41d9fb8729fbe3435278786931f1/bert_layers.py:126: UserWarning: Unable to import Triton; defaulting MosaicBERT attention implementation to pytorch (this will reduce throughput when using this model).
  warnings.warn(
Some weights of BertModel were not initialized from the model checkpoint at zhihan1996/DNABERT-2-117M and are newly initialized: ['bert.pooler.dense.bias', 'bert.pooler.dense.weight']
You should probably TRAIN this model on a down-stream task to be able to use it for predictions and inference.
Done dnabert2 19
/home/stavisa/.cache/huggingface/modules/transformers_modules/zhihan1996/DNABERT-2-117M/d064dece8a8b41d9fb8729fbe3435278786931f1/bert_layers.py:126: UserWarning: Unable to import Triton; defaulting MosaicBERT attention implementation to pytorch (this will reduce throughput when using this model).
  warnings.warn(
Some weights of BertModel were not initialized from the model checkpoint at zhihan1996/DNABERT-2-117M and are newly initialized: ['bert.pooler.dense.bias', 'bert.pooler.dense.weight']
You should probably TRAIN this model on a down-stream task to be able to use it for predictions and inference.
Done dnabert2 20
/home/stavisa/.cache/huggingface/modules/transformers_modules/zhihan1996/DNABERT-2-117M/d064dece8a8b41d9fb8729fbe3435278786931f1/bert_layers.py:126: UserWarning: Unable to import Triton; defaulting MosaicBERT attention implementation to pytorch (this will reduce throughput when using this model).
  warnings.warn(
Some weights of BertModel were not initialized from the model checkpoint at zhihan1996/DNABERT-2-117M and are newly initialized: ['bert.pooler.dense.bias', 'bert.pooler.dense.weight']
You should probably TRAIN this model on a down-stream task to be able to use it for predictions and inference.
Done dnabert2 21
/home/stavisa/.cache/huggingface/modules/transformers_modules/zhihan1996/DNABERT-2-117M/d064dece8a8b41d9fb8729fbe3435278786931f1/bert_layers.py:126: UserWarning: Unable to import Triton; defaulting MosaicBERT attention implementation to pytorch (this will reduce throughput when using this model).
  warnings.warn(
Some weights of BertModel were not initialized from the model checkpoint at zhihan1996/DNABERT-2-117M and are newly initialized: ['bert.pooler.dense.bias', 'bert.pooler.dense.weight']
You should probably TRAIN this model on a down-stream task to be able to use it for predictions and inference.
Done dnabert2 22
/home/stavisa/.cache/huggingface/modules/transformers_modules/zhihan1996/DNABERT-2-117M/d064dece8a8b41d9fb8729fbe3435278786931f1/bert_layers.py:126: UserWarning: Unable to import Triton; defaulting MosaicBERT attention implementation to pytorch (this will reduce throughput when using this model).
  warnings.warn(
Some weights of BertModel were not initialized from the model checkpoint at zhihan1996/DNABERT-2-117M and are newly initialized: ['bert.pooler.dense.bias', 'bert.pooler.dense.weight']
You should probably TRAIN this model on a down-stream task to be able to use it for predictions and inference.
Done dnabert2 23
/home/stavisa/.cache/huggingface/modules/transformers_modules/zhihan1996/DNABERT-2-117M/d064dece8a8b41d9fb8729fbe3435278786931f1/bert_layers.py:126: UserWarning: Unable to import Triton; defaulting MosaicBERT attention implementation to pytorch (this will reduce throughput when using this model).
  warnings.warn(
Some weights of BertModel were not initialized from the model checkpoint at zhihan1996/DNABERT-2-117M and are newly initialized: ['bert.pooler.dense.bias', 'bert.pooler.dense.weight']
You should probably TRAIN this model on a down-stream task to be able to use it for predictions and inference.
Done dnabert2 24
